00:49:04.027 [main] INFO  api.test.UserTests - ***********creating user***********
00:49:07.346 [main] INFO  api.test.UserTests - ***********user is created ***********
00:49:07.362 [main] INFO  api.test.UserTests - ***********Reading user info***********
00:49:08.854 [main] INFO  api.test.UserTests - *********** user info is displayed***********
00:49:08.861 [main] INFO  api.test.UserTests - ***********updating user info***********
00:49:10.424 [main] INFO  api.test.UserTests - *********** user info is updated***********
00:49:11.965 [main] INFO  api.test.UserTests - ***********deleting user info***********
00:49:13.289 [main] INFO  api.test.UserTests - ***********deleted user info***********
20:09:22.518 [main] INFO  api.test.UserTests - ***********creating user***********
20:09:26.365 [main] INFO  api.test.UserTests - ***********user is created ***********
20:09:26.382 [main] INFO  api.test.UserTests - ***********Reading user info***********
20:09:27.912 [main] INFO  api.test.UserTests - *********** user info is displayed***********
20:09:27.916 [main] INFO  api.test.UserTests - ***********updating user info***********
20:09:29.348 [main] INFO  api.test.UserTests - *********** user info is updated***********
20:09:30.885 [main] INFO  api.test.UserTests - ***********deleting user info***********
20:09:32.314 [main] INFO  api.test.UserTests - ***********deleted user info***********
20:31:22.834 [main] INFO  api.test.UserTests - ***********creating user***********
20:31:26.946 [main] INFO  api.test.UserTests - ***********user is created ***********
20:31:26.975 [main] INFO  api.test.UserTests - ***********Reading user info***********
20:31:28.325 [main] INFO  api.test.UserTests - *********** user info is displayed***********
20:31:28.330 [main] INFO  api.test.UserTests - ***********updating user info***********
20:31:29.909 [main] INFO  api.test.UserTests - *********** user info is updated***********
20:31:31.344 [main] INFO  api.test.UserTests - ***********deleting user info***********
20:31:32.771 [main] INFO  api.test.UserTests - ***********deleted user info***********
21:50:39.256 [main] INFO  api.test.UserTests - ***********creating user***********
21:50:42.584 [main] INFO  api.test.UserTests - ***********user is created ***********
21:50:42.589 [main] INFO  api.test.UserTests - ***********Reading user info***********
21:50:44.691 [main] INFO  api.test.UserTests - ***********updating user info***********
21:50:46.311 [main] INFO  api.test.UserTests - *********** user info is updated***********
21:50:47.945 [main] INFO  api.test.UserTests - ***********deleting user info***********
21:50:49.788 [main] INFO  api.test.UserTests - ***********deleted user info***********
14:14:33.262 [main] INFO  api.test.UserTests - ***********creating user***********
14:14:36.351 [main] INFO  api.test.UserTests - ***********user is created ***********
14:14:36.362 [main] INFO  api.test.UserTests - ***********Reading user info***********
14:14:37.967 [main] INFO  api.test.UserTests - *********** user info is displayed***********
14:14:37.971 [main] INFO  api.test.UserTests - ***********updating user info***********
14:14:39.906 [main] INFO  api.test.UserTests - *********** user info is updated***********
14:14:41.336 [main] INFO  api.test.UserTests - ***********deleting user info***********
14:14:43.176 [main] INFO  api.test.UserTests - ***********deleted user info***********
14:15:38.404 [main] INFO  api.test.UserTests - ***********creating user***********
14:15:41.514 [main] INFO  api.test.UserTests - ***********user is created ***********
14:15:41.527 [main] INFO  api.test.UserTests - ***********Reading user info***********
14:15:43.604 [main] INFO  api.test.UserTests - *********** user info is displayed***********
14:15:43.611 [main] INFO  api.test.UserTests - ***********updating user info***********
14:15:45.341 [main] INFO  api.test.UserTests - *********** user info is updated***********
14:15:46.875 [main] INFO  api.test.UserTests - ***********deleting user info***********
14:15:48.817 [main] INFO  api.test.UserTests - ***********deleted user info***********
14:16:43.216 [main] INFO  api.test.UserTests - ***********creating user***********
14:16:46.641 [main] INFO  api.test.UserTests - ***********user is created ***********
14:16:46.652 [main] INFO  api.test.UserTests - ***********Reading user info***********
14:16:48.828 [main] INFO  api.test.UserTests - *********** user info is displayed***********
14:16:48.831 [main] INFO  api.test.UserTests - ***********updating user info***********
14:16:50.696 [main] INFO  api.test.UserTests - *********** user info is updated***********
14:16:52.310 [main] INFO  api.test.UserTests - ***********deleting user info***********
14:16:54.250 [main] INFO  api.test.UserTests - ***********deleted user info***********
15:26:24.283 [main] INFO  api.test.UserTests - ***********creating user***********
15:26:27.853 [main] INFO  api.test.UserTests - ***********user is created ***********
15:26:27.862 [main] INFO  api.test.UserTests - ***********Reading user info***********
15:26:29.340 [main] INFO  api.test.UserTests - *********** user info is displayed***********
15:26:29.342 [main] INFO  api.test.UserTests - ***********updating user info***********
15:26:30.787 [main] INFO  api.test.UserTests - *********** user info is updated***********
15:26:32.206 [main] INFO  api.test.UserTests - ***********deleting user info***********
15:26:33.430 [main] INFO  api.test.UserTests - ***********deleted user info***********
15:43:01.125 [main] INFO  api.test.UserTests - ***********creating user***********
15:43:04.800 [main] INFO  api.test.UserTests - ***********user is created ***********
15:43:04.816 [main] INFO  api.test.UserTests - ***********Reading user info***********
15:43:06.808 [main] INFO  api.test.UserTests - *********** user info is displayed***********
15:43:06.812 [main] INFO  api.test.UserTests - ***********updating user info***********
15:43:08.618 [main] INFO  api.test.UserTests - *********** user info is updated***********
15:43:10.565 [main] INFO  api.test.UserTests - ***********deleting user info***********
15:43:12.206 [main] INFO  api.test.UserTests - ***********deleted user info***********
